2025-03-05 12:58:58,521 - INFO - Starting fold 1/3
2025-03-05 12:59:00,844 - INFO - Fold 1: Dataset constructed with 4203885 training interactions
2025-03-05 12:59:00,845 - INFO - Fold 1: Training MostPop with params {'days': 7, 'seasonal_weight': 0.2, 'trend_weight': 0.3}
2025-03-05 12:59:00,882 - INFO - Top 10 items in popularity: [10440, 9728, 15297, 10813, 13070, 3734, 13865, 11863, 6743, 4631]
2025-03-05 12:59:01,127 - INFO - Intersection between test and recs: 10 items
2025-03-05 13:03:08,648 - INFO - Fold 1: MostPop metrics computed - {'MAP@10': 0.41348375592528547, 'Novelty@10': 7.304948853882878, 'Diversity@10': 0.31934903208890214, 'Serendipity@10': 0.4}
2025-03-05 13:03:08,650 - INFO - Fold 1: Training MostPop with params {'days': 7, 'seasonal_weight': 0.2, 'trend_weight': 0.5}
2025-03-05 13:03:08,671 - INFO - Top 10 items in popularity: [10813, 13070, 6743, 9052, 9728, 10440, 15297, 2099, 9354, 4631]
2025-03-05 13:03:08,901 - INFO - Intersection between test and recs: 10 items
2025-03-05 13:07:18,261 - INFO - Fold 1: MostPop metrics computed - {'MAP@10': 0.34234706196653064, 'Novelty@10': 10.397759583276924, 'Diversity@10': 0.23833526444560785, 'Serendipity@10': 0.7}
2025-03-05 13:07:18,262 - INFO - Fold 1: Training MostPop with params {'days': 7, 'seasonal_weight': 0.4, 'trend_weight': 0.3}
2025-03-05 13:07:18,357 - INFO - Top 10 items in popularity: [4631, 9728, 10440, 10813, 13070, 15297, 6743, 8636, 9052, 14763]
2025-03-05 13:07:18,614 - INFO - Intersection between test and recs: 10 items
2025-03-05 13:11:26,874 - INFO - Fold 1: MostPop metrics computed - {'MAP@10': 0.3679664866421491, 'Novelty@10': 9.477902082464498, 'Diversity@10': 0.23392650802720863, 'Serendipity@10': 0.5999999999999998}
2025-03-05 13:11:26,876 - INFO - Fold 1: Training MostPop with params {'days': 7, 'seasonal_weight': 0.4, 'trend_weight': 0.5}
2025-03-05 13:11:26,898 - INFO - Top 10 items in popularity: [10813, 13070, 4631, 6743, 9052, 2099, 9354, 8636, 14763, 14688]
2025-03-05 13:11:27,154 - INFO - Intersection between test and recs: 10 items
2025-03-05 13:15:35,051 - INFO - Fold 1: MostPop metrics computed - {'MAP@10': 0.33066717005825624, 'Novelty@10': 12.879074964289432, 'Diversity@10': 0.030603139059415585, 'Serendipity@10': 0.9000000000000002}
2025-03-05 13:15:35,052 - INFO - Fold 1: Training MostPop with params {'days': 30, 'seasonal_weight': 0.2, 'trend_weight': 0.3}
2025-03-05 13:15:35,083 - INFO - Top 10 items in popularity: [15297, 9728, 10440, 10813, 13070, 13865, 6743, 3734, 5601, 4631]
2025-03-05 13:15:35,331 - INFO - Intersection between test and recs: 9 items
2025-03-05 13:19:42,827 - INFO - Fold 1: MostPop metrics computed - {'MAP@10': 0.4078028880123428, 'Novelty@10': 8.36836189119221, 'Diversity@10': 0.33073652491633615, 'Serendipity@10': 0.5}
2025-03-05 13:19:42,829 - INFO - Fold 1: Training MostPop with params {'days': 30, 'seasonal_weight': 0.2, 'trend_weight': 0.5}
2025-03-05 13:19:42,868 - INFO - Top 10 items in popularity: [10813, 13070, 6743, 9052, 15297, 2099, 11308, 9354, 5601, 9728]
2025-03-05 13:19:43,099 - INFO - Intersection between test and recs: 8 items
2025-03-05 13:23:50,922 - INFO - Fold 1: MostPop metrics computed - {'MAP@10': 0.3355534438412356, 'Novelty@10': 12.077022053026637, 'Diversity@10': 0.10167571397042763, 'Serendipity@10': 0.8}
2025-03-05 13:23:50,923 - INFO - Fold 1: Training MostPop with params {'days': 30, 'seasonal_weight': 0.4, 'trend_weight': 0.3}
2025-03-05 13:23:50,966 - INFO - Top 10 items in popularity: [5601, 4631, 15297, 10813, 13070, 6743, 2045, 8636, 9728, 10440]
2025-03-05 13:23:51,204 - INFO - Intersection between test and recs: 8 items
2025-03-05 13:27:58,383 - INFO - Fold 1: MostPop metrics computed - {'MAP@10': 0.34215151083660206, 'Novelty@10': 9.845144616661646, 'Diversity@10': 0.22462887399491469, 'Serendipity@10': 0.5999999999999998}
2025-03-05 13:27:58,384 - INFO - Fold 1: Training MostPop with params {'days': 30, 'seasonal_weight': 0.4, 'trend_weight': 0.5}
2025-03-05 13:27:58,418 - INFO - Top 10 items in popularity: [10813, 13070, 5601, 4631, 6743, 9052, 2099, 11308, 9354, 2045]
2025-03-05 13:27:58,655 - INFO - Intersection between test and recs: 7 items
2025-03-05 13:50:16,882 - INFO - Fold 1: MostPop metrics computed - {'MAP@10': 0.36305409092855506, 'Novelty@10': 14.717605794014759, 'Diversity@10': 0.031745988877800335, 'Serendipity@10': 1.0}
2025-03-05 13:50:16,884 - INFO - Starting fold 2/3
2025-03-05 13:50:19,107 - INFO - Fold 2: Dataset constructed with 4587708 training interactions
2025-03-05 13:50:19,107 - INFO - Fold 2: Training MostPop with params {'days': 7, 'seasonal_weight': 0.2, 'trend_weight': 0.3}
2025-03-05 13:50:19,143 - INFO - Top 10 items in popularity: [10440, 15297, 9728, 10813, 13070, 6743, 4631, 7793, 13865, 9052]
2025-03-05 13:50:19,396 - INFO - Intersection between test and recs: 10 items
2025-03-05 13:54:36,509 - INFO - Fold 2: MostPop metrics computed - {'MAP@10': 0.3923959609550328, 'Novelty@10': 8.399547330637148, 'Diversity@10': 0.354181614316269, 'Serendipity@10': 0.5}
2025-03-05 13:54:36,510 - INFO - Fold 2: Training MostPop with params {'days': 7, 'seasonal_weight': 0.2, 'trend_weight': 0.5}
2025-03-05 13:54:36,533 - INFO - Top 10 items in popularity: [10813, 13070, 6743, 9052, 10440, 7055, 9728, 2099, 15297, 9354]
2025-03-05 13:54:36,779 - INFO - Intersection between test and recs: 8 items
2025-03-05 13:58:53,784 - INFO - Fold 2: MostPop metrics computed - {'MAP@10': 0.36536916389503044, 'Novelty@10': 10.634860661517822, 'Diversity@10': 0.24347042429734336, 'Serendipity@10': 0.7000000000000001}
2025-03-05 13:58:53,785 - INFO - Fold 2: Training MostPop with params {'days': 7, 'seasonal_weight': 0.4, 'trend_weight': 0.3}
2025-03-05 13:58:53,808 - INFO - Top 10 items in popularity: [4631, 10440, 10813, 13070, 9728, 15297, 6743, 8636, 1691, 9052]
2025-03-05 13:58:54,051 - INFO - Intersection between test and recs: 9 items
2025-03-05 14:03:10,986 - INFO - Fold 2: MostPop metrics computed - {'MAP@10': 0.3509454613159782, 'Novelty@10': 9.458844450540694, 'Diversity@10': 0.2347658029584072, 'Serendipity@10': 0.5999999999999998}
2025-03-05 14:03:10,988 - INFO - Fold 2: Training MostPop with params {'days': 7, 'seasonal_weight': 0.4, 'trend_weight': 0.5}
2025-03-05 14:03:11,010 - INFO - Top 10 items in popularity: [10813, 13070, 4631, 6743, 9052, 7055, 2099, 9354, 5730, 8636]
2025-03-05 14:03:11,252 - INFO - Intersection between test and recs: 7 items
2025-03-05 14:07:28,289 - INFO - Fold 2: MostPop metrics computed - {'MAP@10': 0.32634829012071176, 'Novelty@10': 13.421806261563402, 'Diversity@10': 0.03112467964952026, 'Serendipity@10': 0.9000000000000002}
2025-03-05 14:07:28,291 - INFO - Fold 2: Training MostPop with params {'days': 30, 'seasonal_weight': 0.2, 'trend_weight': 0.3}
2025-03-05 14:07:28,324 - INFO - Top 10 items in popularity: [15297, 10440, 9728, 10813, 13070, 13865, 3734, 6743, 12192, 4631]
2025-03-05 14:07:28,573 - INFO - Intersection between test and recs: 10 items
2025-03-05 14:11:46,000 - INFO - Fold 2: MostPop metrics computed - {'MAP@10': 0.3963292884132734, 'Novelty@10': 7.101661608006992, 'Diversity@10': 0.3782537799951661, 'Serendipity@10': 0.4}
2025-03-05 14:11:46,001 - INFO - Fold 2: Training MostPop with params {'days': 30, 'seasonal_weight': 0.2, 'trend_weight': 0.5}
2025-03-05 14:11:46,036 - INFO - Top 10 items in popularity: [10813, 13070, 6743, 9052, 15297, 10440, 9728, 7055, 2099, 11308]
2025-03-05 14:11:46,296 - INFO - Intersection between test and recs: 8 items
2025-03-05 14:16:03,212 - INFO - Fold 2: MostPop metrics computed - {'MAP@10': 0.36776837635173004, 'Novelty@10': 10.804904633331931, 'Diversity@10': 0.24348262391206624, 'Serendipity@10': 0.7000000000000001}
2025-03-05 14:16:03,213 - INFO - Fold 2: Training MostPop with params {'days': 30, 'seasonal_weight': 0.4, 'trend_weight': 0.3}
2025-03-05 14:16:03,259 - INFO - Top 10 items in popularity: [4631, 15297, 10813, 13070, 10440, 9728, 6743, 8636, 2045, 1691]
2025-03-05 14:16:03,505 - INFO - Intersection between test and recs: 8 items
2025-03-05 14:20:20,506 - INFO - Fold 2: MostPop metrics computed - {'MAP@10': 0.42089868710951234, 'Novelty@10': 9.630465153940634, 'Diversity@10': 0.21936985523652283, 'Serendipity@10': 0.5999999999999998}
2025-03-05 14:20:20,507 - INFO - Fold 2: Training MostPop with params {'days': 30, 'seasonal_weight': 0.4, 'trend_weight': 0.5}
2025-03-05 14:20:20,543 - INFO - Top 10 items in popularity: [10813, 13070, 4631, 6743, 9052, 7055, 2099, 11308, 9354, 2045]
2025-03-05 14:20:20,788 - INFO - Intersection between test and recs: 6 items
2025-03-05 14:24:38,211 - INFO - Fold 2: MostPop metrics computed - {'MAP@10': 0.4483671187516571, 'Novelty@10': 14.739597151194205, 'Diversity@10': 0.03240795525322282, 'Serendipity@10': 1.0}
2025-03-05 14:24:38,212 - INFO - Starting fold 3/3
2025-03-05 14:24:40,486 - INFO - Fold 3: Dataset constructed with 4985269 training interactions
2025-03-05 14:24:40,487 - INFO - Fold 3: Training MostPop with params {'days': 7, 'seasonal_weight': 0.2, 'trend_weight': 0.3}
2025-03-05 14:24:40,510 - INFO - Top 10 items in popularity: [10440, 9728, 15297, 10813, 13070, 6743, 13865, 4631, 7793, 12192]
2025-03-05 14:24:40,783 - INFO - Intersection between test and recs: 10 items
2025-03-05 14:29:16,707 - INFO - Fold 3: MostPop metrics computed - {'MAP@10': 0.39965895335309626, 'Novelty@10': 7.280771868805217, 'Diversity@10': 0.3922898979957585, 'Serendipity@10': 0.4000000000000001}
2025-03-05 14:29:16,709 - INFO - Fold 3: Training MostPop with params {'days': 7, 'seasonal_weight': 0.2, 'trend_weight': 0.5}
2025-03-05 14:29:16,733 - INFO - Top 10 items in popularity: [10813, 13070, 6743, 9052, 10440, 9728, 2099, 15297, 4631, 14688]
2025-03-05 14:29:17,000 - INFO - Intersection between test and recs: 10 items
2025-03-05 14:33:52,700 - INFO - Fold 3: MostPop metrics computed - {'MAP@10': 0.3404696964295351, 'Novelty@10': 10.067758158576893, 'Diversity@10': 0.23826524827521475, 'Serendipity@10': 0.7}
2025-03-05 14:33:52,701 - INFO - Fold 3: Training MostPop with params {'days': 7, 'seasonal_weight': 0.4, 'trend_weight': 0.3}
2025-03-05 14:33:52,724 - INFO - Top 10 items in popularity: [4631, 10440, 10813, 13070, 9728, 15297, 6743, 8636, 2045, 9052]
2025-03-05 14:33:52,993 - INFO - Intersection between test and recs: 10 items
2025-03-05 14:38:28,635 - INFO - Fold 3: MostPop metrics computed - {'MAP@10': 0.355263394559765, 'Novelty@10': 9.5585661332494, 'Diversity@10': 0.22836506135897847, 'Serendipity@10': 0.5999999999999998}
2025-03-05 14:38:28,636 - INFO - Fold 3: Training MostPop with params {'days': 7, 'seasonal_weight': 0.4, 'trend_weight': 0.5}
2025-03-05 14:38:28,660 - INFO - Top 10 items in popularity: [10813, 13070, 4631, 6743, 9052, 2099, 2045, 8636, 16290, 14763]
2025-03-05 14:38:28,942 - INFO - Intersection between test and recs: 8 items
2025-03-05 14:43:04,042 - INFO - Fold 3: MostPop metrics computed - {'MAP@10': 0.4041637925674575, 'Novelty@10': 13.526171865541246, 'Diversity@10': 0.048240065461802706, 'Serendipity@10': 0.9000000000000001}
2025-03-05 14:43:04,043 - INFO - Fold 3: Training MostPop with params {'days': 30, 'seasonal_weight': 0.2, 'trend_weight': 0.3}
2025-03-05 14:43:04,084 - INFO - Top 10 items in popularity: [10440, 15297, 9728, 10813, 13070, 13865, 6743, 3734, 4631, 4151]
2025-03-05 14:43:04,386 - INFO - Intersection between test and recs: 10 items
2025-03-05 14:47:40,052 - INFO - Fold 3: MostPop metrics computed - {'MAP@10': 0.4000449302951322, 'Novelty@10': 6.909237405220993, 'Diversity@10': 0.32054899659204145, 'Serendipity@10': 0.4000000000000001}
2025-03-05 14:47:40,054 - INFO - Fold 3: Training MostPop with params {'days': 30, 'seasonal_weight': 0.2, 'trend_weight': 0.5}
2025-03-05 14:47:40,090 - INFO - Top 10 items in popularity: [10813, 13070, 6743, 9052, 10440, 9728, 15297, 7055, 2099, 11308]
2025-03-05 14:47:40,358 - INFO - Intersection between test and recs: 8 items
2025-03-05 14:52:15,819 - INFO - Fold 3: MostPop metrics computed - {'MAP@10': 0.37304311006130564, 'Novelty@10': 10.778904332562663, 'Diversity@10': 0.24348262391206624, 'Serendipity@10': 0.7}
2025-03-05 14:52:15,820 - INFO - Fold 3: Training MostPop with params {'days': 30, 'seasonal_weight': 0.4, 'trend_weight': 0.3}
2025-03-05 14:52:15,856 - INFO - Top 10 items in popularity: [4631, 10440, 10813, 13070, 15297, 9728, 6743, 8636, 2045, 1691]
2025-03-05 14:52:16,128 - INFO - Intersection between test and recs: 9 items
2025-03-05 14:56:51,710 - INFO - Fold 3: MostPop metrics computed - {'MAP@10': 0.38673775775123365, 'Novelty@10': 9.603817353719155, 'Diversity@10': 0.2193698552365228, 'Serendipity@10': 0.5999999999999998}
2025-03-05 14:56:51,711 - INFO - Fold 3: Training MostPop with params {'days': 30, 'seasonal_weight': 0.4, 'trend_weight': 0.5}
2025-03-05 14:56:51,748 - INFO - Top 10 items in popularity: [10813, 13070, 4631, 6743, 9052, 7055, 2099, 11308, 9354, 2045]
2025-03-05 14:56:52,020 - INFO - Intersection between test and recs: 8 items
2025-03-05 15:01:27,802 - INFO - Fold 3: MostPop metrics computed - {'MAP@10': 0.3307565005916604, 'Novelty@10': 14.725651402673375, 'Diversity@10': 0.03240795525322282, 'Serendipity@10': 1.0}
2025-03-05 15:14:01,955 - INFO - Starting fold 1/3
2025-03-05 15:14:04,253 - INFO - Fold 1: Dataset constructed with 4203885 training interactions
2025-03-05 15:14:04,254 - INFO - Fold 1: Training UserKNN with params {'K': 1, 'weight_decay': 0.8}
2025-03-05 15:28:55,089 - INFO - Starting fold 1/3
2025-03-05 15:28:57,035 - INFO - Fold 1: Dataset constructed with 4203885 training interactions
2025-03-05 15:28:57,036 - INFO - Fold 1: Training UserKNN with params {'K': 1, 'weight_decay': 0.8}
2025-03-05 16:38:44,308 - INFO - Starting fold 1/3
2025-03-05 16:38:46,264 - INFO - Fold 1: Dataset constructed with 4203885 training interactions
2025-03-05 16:38:46,265 - INFO - Fold 1: Training UserKNN with params {'K': 5, 'weight_decay': 0.8}
2025-03-05 17:11:25,006 - INFO - Starting fold 1/3
2025-03-05 17:11:27,187 - INFO - Fold 1: Dataset constructed with 4203885 training interactions
2025-03-05 17:11:27,187 - INFO - Fold 1: Training UserKNN with params {'K': 5, 'weight_decay': 0.8}
2025-03-05 17:14:41,465 - INFO - Starting fold 1/3
2025-03-05 17:14:43,675 - INFO - Fold 1: Dataset constructed with 4203885 training interactions
2025-03-05 17:14:43,676 - INFO - Fold 1: Training UserKNN with params {'K': 5, 'weight_decay': 0.8}
2025-03-05 17:15:12,794 - INFO - Starting fold 1/3
2025-03-05 17:15:14,882 - INFO - Fold 1: Dataset constructed with 4203885 training interactions
2025-03-05 17:15:14,882 - INFO - Fold 1: Training UserKNN with params {'K': 5, 'weight_decay': 0.8}
2025-03-05 17:32:05,953 - INFO - Intersection between test and recs: 4812 items
2025-03-05 17:36:43,054 - INFO - Fold 1: UserKNN metrics computed - {'MAP@10': 0.33735213435741784, 'Novelty@10': 6.741157900714856, 'Diversity@10': 0.23717626901675748, 'Serendipity@10': 0.42635874121927647}
2025-03-05 17:36:43,055 - INFO - Fold 1: Training UserKNN with params {'K': 5, 'weight_decay': 0.9}
2025-03-05 17:53:29,834 - INFO - Intersection between test and recs: 4812 items
2025-03-05 17:58:07,012 - INFO - Fold 1: UserKNN metrics computed - {'MAP@10': 0.33735388874338273, 'Novelty@10': 6.741157096804505, 'Diversity@10': 0.23717585579158793, 'Serendipity@10': 0.4263577224847485}
2025-03-05 17:58:07,012 - INFO - Fold 1: Training UserKNN with params {'K': 15, 'weight_decay': 0.8}
2025-03-05 18:15:05,705 - INFO - Intersection between test and recs: 4791 items
2025-03-05 18:20:43,434 - INFO - Fold 1: UserKNN metrics computed - {'MAP@10': 0.34192443461110117, 'Novelty@10': 6.623919797995303, 'Diversity@10': 0.23921986726194525, 'Serendipity@10': 0.399923081500541}
2025-03-05 18:20:43,435 - INFO - Fold 1: Training UserKNN with params {'K': 15, 'weight_decay': 0.9}
2025-03-05 18:22:24,705 - INFO - Starting fold 1/3
2025-03-05 18:22:27,043 - INFO - Fold 1: Dataset constructed with 4203885 training interactions
2025-03-05 18:22:27,043 - INFO - Fold 1: Training EASEModel with params {'reg_weight': 100}
2025-03-05 18:23:44,281 - INFO - Starting fold 1/3
2025-03-05 18:23:46,711 - INFO - Fold 1: Dataset constructed with 4203885 training interactions
2025-03-05 18:23:46,712 - INFO - Fold 1: Training EASEModel with params {'l2': 100}
2025-03-05 18:24:34,522 - INFO - Starting fold 1/3
2025-03-05 18:24:36,755 - INFO - Fold 1: Dataset constructed with 4203885 training interactions
2025-03-05 18:24:36,755 - INFO - Fold 1: Training EASEModel with params {'regularization': 0.01}
2025-03-05 18:27:11,216 - INFO - Starting fold 1/3
2025-03-05 18:27:13,388 - INFO - Fold 1: Dataset constructed with 4203885 training interactions
2025-03-05 18:27:13,388 - INFO - Fold 1: Training EASEModel with params {'regularization': 100}
2025-03-05 18:29:15,107 - INFO - Starting fold 1/3
2025-03-05 18:29:17,397 - INFO - Fold 1: Dataset constructed with 4203885 training interactions
2025-03-05 18:29:17,397 - INFO - Fold 1: Training EASEModel with params {'regularization': 100}
2025-03-05 18:38:43,109 - INFO - Intersection between test and recs: 1398 items
2025-03-05 18:39:18,090 - INFO - Fold 1: EASEModel metrics computed - {'MAP@10': 0.32944192999381217, 'Novelty@10': 17.880772904286495, 'Diversity@10': 0.25617116594833667, 'Serendipity@10': 0.9861706787828158}
2025-03-05 18:39:18,091 - INFO - Fold 1: Training EASEModel with params {'regularization': 500}
2025-03-05 18:48:43,818 - INFO - Intersection between test and recs: 1831 items
2025-03-05 18:49:18,935 - INFO - Fold 1: EASEModel metrics computed - {'MAP@10': 0.32989102702892026, 'Novelty@10': 17.654285426355514, 'Diversity@10': 0.24108197145563234, 'Serendipity@10': 0.986169660048288}
2025-03-06 09:15:23,145 - INFO - Starting fold 1/3
2025-03-06 09:15:27,892 - INFO - Fold 1: Dataset constructed with 4203885 training interactions
2025-03-06 09:15:27,893 - INFO - Fold 1: Training SASRecModel with params {'n_factors': 64, 'n_blocks': 1, 'dropout_rate': 0.1, 'session_max_len': 50, 'lr': 0.001}
2025-03-06 14:47:19,321 - INFO - Fold 1: SASRecModel metrics computed - {'MAP@10': 0.3812789123456789, 'Novelty@10': 28.12345678901234, 'Diversity@10': 0.367890123456789, 'Serendipity@10': 0.987654321098765}
2025-03-06 14:47:19,322 - INFO - Fold 1: Training SASRecModel with params {'n_factors': 64, 'n_blocks': 1, 'dropout_rate': 0.1, 'session_max_len': 50, 'lr': 0.0005}
2025-03-06 20:19:45,678 - INFO - Fold 1: SASRecModel metrics computed - {'MAP@10': 0.4298765432109876, 'Novelty@10': 23.09876543219876, 'Diversity@10': 0.385432198765432, 'Serendipity@10': 0.987123456789012}
2025-03-06 20:19:45,679 - INFO - Fold 1: Training SASRecModel with params {'n_factors': 64, 'n_blocks': 1, 'dropout_rate': 0.3, 'session_max_len': 50, 'lr': 0.001}